<?xml version="1.0" encoding="UTF-8"?>
<!-- Generated by org.testng.reporters.JUnitReportReporter -->
<testsuite hostname="NTPC-PC" failures="0" tests="3" name="NewProject.Selenium1Test" time="11.020" errors="0" timestamp="20 Mar 2018 06:03:46 GMT" skipped="0">
  <testcase classname="NewProject.Selenium1Test" name="AddText" time="1.250"/>
  <testcase classname="NewProject.Selenium1Test" name="ChooseFromOptions" time="3.055"/>
  <testcase classname="NewProject.Selenium1Test" name="ClickOnTheFirstLink" time="6.715"/>
</testsuite> <!-- NewProject.Selenium1Test -->
