<?xml version="1.0" encoding="UTF-8"?>
<!-- Generated by org.testng.reporters.JUnitReportReporter -->
<testsuite hostname="NTPC-PC" failures="0" tests="2" name="NewProject.AmazonLogin" time="0.010" errors="0" timestamp="26 Mar 2018 05:54:05 GMT" skipped="0">
  <testcase classname="NewProject.AmazonLogin" name="f" time="0.007"/>
  <testcase classname="NewProject.AmazonLogin" name="f" time="0.003"/>
</testsuite> <!-- NewProject.AmazonLogin -->
