<?xml version="1.0" encoding="UTF-8"?>
<!-- Generated by org.testng.reporters.JUnitReportReporter -->
<testsuite hostname="NTPC-PC" failures="0" tests="3" name="NewProject.Selenium1" time="10.773" errors="0" timestamp="20 Mar 2018 06:04:29 GMT" skipped="0">
  <testcase classname="NewProject.Selenium1" name="AddText" time="1.183"/>
  <testcase classname="NewProject.Selenium1" name="ChooseFromOptions" time="3.298"/>
  <testcase classname="NewProject.Selenium1" name="ClickOnTheFirstLink" time="6.292"/>
</testsuite> <!-- NewProject.Selenium1 -->
