<?xml version="1.0" encoding="UTF-8"?>
<!-- Generated by org.testng.reporters.JUnitReportReporter -->
<testsuite hostname="NTPC-PC" failures="0" tests="1" name="NewProject.First" time="0.018" errors="0" timestamp="19 Mar 2018 17:38:20 GMT" skipped="0">
  <testcase classname="NewProject.First" name="f" time="0.018"/>
</testsuite> <!-- NewProject.First -->
