<?xml version="1.0" encoding="UTF-8"?>
<!-- Generated by org.testng.reporters.JUnitReportReporter -->
<testsuite hostname="NTPC-PC" failures="0" tests="3" name="HelloWorld.HelloMaven.Selenium1Test" time="11.464" errors="0" timestamp="20 Mar 2018 05:42:51 GMT" skipped="0">
  <testcase classname="HelloWorld.HelloMaven.Selenium1Test" name="AddText" time="1.281"/>
  <testcase classname="HelloWorld.HelloMaven.Selenium1Test" name="ChooseFromOptions" time="2.194"/>
  <testcase classname="HelloWorld.HelloMaven.Selenium1Test" name="ClickOnTheFirstLink" time="7.989"/>
</testsuite> <!-- HelloWorld.HelloMaven.Selenium1Test -->
