<?xml version="1.0" encoding="UTF-8"?>
<!-- Generated by org.testng.reporters.JUnitReportReporter -->
<testsuite hostname="NTPC-PC" failures="0" tests="1" name="MercuryTours.Actions" time="6.633" errors="0" timestamp="01 Mar 2018 08:03:06 GMT" skipped="0">
  <testcase classname="MercuryTours.Actions" name="act" time="6.633"/>
</testsuite> <!-- MercuryTours.Actions -->
