<?xml version="1.0" encoding="UTF-8"?>
<!-- Generated by org.testng.reporters.JUnitReportReporter -->
<testsuite hostname="NTPC-PC" failures="0" tests="1" name="MercuryTours.Actions123" time="13.805" errors="0" timestamp="01 Mar 2018 08:46:10 GMT" skipped="0">
  <testcase classname="MercuryTours.Actions123" name="act" time="13.805"/>
</testsuite> <!-- MercuryTours.Actions123 -->
